2022-09-29 16:17:28 - [INFO] - {{EXTRACTING FILES}} Extracting compressed files in: /opt/junga_soc/caravel_example
2022-09-29 16:17:28 - [INFO] - {{Project Type Info}} digital
2022-09-29 16:17:28 - [INFO] - {{Project GDS Info}} user_project_wrapper: a5cf44d04351e7974b9796ecf16a91b5bd1abd71
2022-09-29 16:17:29 - [INFO] - {{Tools Info}} KLayout: v0.27.10 | Magic: v8.3.315
2022-09-29 16:17:29 - [ERROR] - MPW Precheck failed to get Open PDKs & Skywater PDK versions: Command '['git', '-C', '/home/adept/caravel/pdks/open_pdks', 'rev-parse', '--verify', 'HEAD']' returned non-zero exit status 128.
2022-09-29 16:17:29 - [INFO] - {{START}} Precheck Started, the full log 'precheck.log' will be located in '/opt/junga_soc/caravel_example/precheck_results/29_SEP_2022___16_17_28/logs'
2022-09-29 16:17:29 - [INFO] - {{PRECHECK SEQUENCE}} Precheck will run the following checks: [License, Makefile, Default, Documentation, Consistency, XOR, Magic DRC, Klayout FEOL, Klayout BEOL, Klayout Offgrid, Klayout Metal Minimum Clear Area Density, Klayout Pin Label Purposes Overlapping Drawing, Klayout ZeroArea]
2022-09-29 16:17:29 - [INFO] - {{STEP UPDATE}} Executing Check 1 of 13: License
2022-09-29 16:17:30 - [INFO] - An approved LICENSE (Apache-2.0) was found in /opt/junga_soc/caravel_example.
2022-09-29 16:17:30 - [INFO] - {{MAIN LICENSE CHECK PASSED}} An approved LICENSE was found in project root.
2022-09-29 16:17:31 - [INFO] - An approved LICENSE (Apache-2.0) was found in /opt/junga_soc/caravel_example.
2022-09-29 16:17:32 - [INFO] - An approved LICENSE (Apache-2.0) was found in /opt/junga_soc/caravel_example.
2022-09-29 16:17:33 - [INFO] - An approved LICENSE (Apache-2.0) was found in /opt/junga_soc/caravel_example.
2022-09-29 16:17:33 - [INFO] - {{SUBMODULES LICENSE CHECK PASSED}} No prohibited LICENSE file(s) was found in project submodules
2022-09-29 16:17:33 - [INFO] - {{SPDX COMPLIANCE CHECK PASSED}} Project is compliant with the SPDX Standard
2022-09-29 16:17:33 - [INFO] - {{STEP UPDATE}} Executing Check 2 of 13: Makefile
2022-09-29 16:17:33 - [INFO] - {{MAKEFILE CHECK PASSED}} Makefile valid.
2022-09-29 16:17:33 - [INFO] - {{STEP UPDATE}} Executing Check 3 of 13: Default
2022-09-29 16:17:33 - [WARNING] - The provided 'README.md' is identical to the default 'README.md'
2022-09-29 16:17:33 - [WARNING] - {{README DEFAULT CHECK FAILED}} Project 'README.md' was not modified and is identical to the default 'README.md'
2022-09-29 16:17:34 - [INFO] - {{CONTENT DEFAULT CHECK PASSED}} Project 'gds' was modified and is not identical to the default 'gds'
2022-09-29 16:17:34 - [INFO] - {{STEP UPDATE}} Executing Check 4 of 13: Documentation
2022-09-29 16:17:34 - [INFO] - {{DOCUMENTATION CHECK PASSED}} Project documentation is appropriate.
2022-09-29 16:17:34 - [INFO] - {{STEP UPDATE}} Executing Check 5 of 13: Consistency
2022-09-29 16:17:41 - [INFO] - HIERARCHY CHECK PASSED: Module user_project_wrapper is instantiated in caravel. 
2022-09-29 16:17:41 - [INFO] - COMPLEXITY CHECK PASSED: Netlist caravel contains at least 8 instances (90 instances). 
2022-09-29 16:17:41 - [INFO] - MODELING CHECK PASSED: Netlist caravel is structural.
2022-09-29 16:17:41 - [INFO] - SUBMODULE HOOKS CHECK PASSED: All module ports for user_project_wrapper are correctly connected in the top level netlist caravel.
2022-09-29 16:17:41 - [INFO] - POWER CONNECTIONS CHECK PASSED: All instances in caravel are connected to power
2022-09-29 16:17:41 - [INFO] - {{NETLIST CONSISTENCY CHECK PASSED}} caravel netlist passed all consistency checks.
2022-09-29 16:17:41 - [INFO] - PORTS CHECK PASSED: Netlist user_project_wrapper ports match the golden wrapper ports
2022-09-29 16:17:41 - [INFO] - COMPLEXITY CHECK PASSED: Netlist user_project_wrapper contains at least 1 instances (3 instances). 
2022-09-29 16:17:41 - [INFO] - MODELING CHECK PASSED: Netlist user_project_wrapper is structural.
2022-09-29 16:17:41 - [INFO] - LAYOUT CHECK PASSED: The GDS layout for user_project_wrapper matches the provided structural netlist.
2022-09-29 16:17:41 - [INFO] - POWER CONNECTIONS CHECK PASSED: All instances in user_project_wrapper are connected to power
2022-09-29 16:17:41 - [INFO] - PORT TYPES CHECK PASSED: Netlist user_project_wrapper port types match the golden wrapper port types.
2022-09-29 16:17:41 - [INFO] - {{NETLIST CONSISTENCY CHECK PASSED}} user_project_wrapper netlist passed all consistency checks.
2022-09-29 16:17:41 - [INFO] - {{CONSISTENCY CHECK PASSED}} The user netlist and the top netlist are valid.
2022-09-29 16:17:41 - [INFO] - {{STEP UPDATE}} Executing Check 6 of 13: XOR
2022-09-29 16:19:04 - [INFO] - {{XOR CHECK UPDATE}} Total XOR differences: 0, for more details view /opt/junga_soc/caravel_example/precheck_results/29_SEP_2022___16_17_28/outputs/user_project_wrapper.xor.gds
2022-09-29 16:19:04 - [INFO] - {{XOR CHECK PASSED}} The GDS file has no XOR violations.
2022-09-29 16:19:04 - [INFO] - {{STEP UPDATE}} Executing Check 7 of 13: Magic DRC
2022-09-29 16:27:17 - [INFO] - 0 DRC violations
2022-09-29 16:27:17 - [INFO] - {{MAGIC DRC CHECK PASSED}} The GDS file, user_project_wrapper.gds, has no DRC violations.
2022-09-29 16:27:17 - [INFO] - {{STEP UPDATE}} Executing Check 8 of 13: Klayout FEOL
2022-09-29 16:28:35 - [INFO] - No DRC Violations found
2022-09-29 16:28:35 - [INFO] - {{Klayout FEOL CHECK PASSED}} The GDS file, user_project_wrapper.gds, has no DRC violations.
2022-09-29 16:28:35 - [INFO] - {{STEP UPDATE}} Executing Check 9 of 13: Klayout BEOL
2022-09-29 16:38:38 - [INFO] - No DRC Violations found
2022-09-29 16:38:38 - [INFO] - {{Klayout BEOL CHECK PASSED}} The GDS file, user_project_wrapper.gds, has no DRC violations.
2022-09-29 16:38:38 - [INFO] - {{STEP UPDATE}} Executing Check 10 of 13: Klayout Offgrid
2022-09-29 16:40:12 - [INFO] - No DRC Violations found
2022-09-29 16:40:12 - [INFO] - {{Klayout Offgrid CHECK PASSED}} The GDS file, user_project_wrapper.gds, has no DRC violations.
2022-09-29 16:40:12 - [INFO] - {{STEP UPDATE}} Executing Check 11 of 13: Klayout Metal Minimum Clear Area Density
2022-09-29 16:40:52 - [INFO] - No DRC Violations found
2022-09-29 16:40:52 - [INFO] - {{Klayout Metal Minimum Clear Area Density CHECK PASSED}} The GDS file, user_project_wrapper.gds, has no DRC violations.
2022-09-29 16:40:52 - [INFO] - {{STEP UPDATE}} Executing Check 12 of 13: Klayout Pin Label Purposes Overlapping Drawing
2022-09-29 16:41:17 - [INFO] - No DRC Violations found
2022-09-29 16:41:17 - [INFO] - {{Klayout Pin Label Purposes Overlapping Drawing CHECK PASSED}} The GDS file, user_project_wrapper.gds, has no DRC violations.
2022-09-29 16:41:17 - [INFO] - {{STEP UPDATE}} Executing Check 13 of 13: Klayout ZeroArea
2022-09-29 16:41:23 - [INFO] - No DRC Violations found
2022-09-29 16:41:23 - [INFO] - {{Klayout ZeroArea CHECK PASSED}} The GDS file, user_project_wrapper.gds, has no DRC violations.
2022-09-29 16:41:23 - [INFO] - {{FINISH}} Executing Finished, the full log 'precheck.log' can be found in '/opt/junga_soc/caravel_example/precheck_results/29_SEP_2022___16_17_28/logs'
2022-09-29 16:41:23 - [CRITICAL] - {{FAILURE}} 1 Check(s) Failed: ['Default'] !!!
